<?xml version="1.0" encoding="UTF-8"?>
<!-- Generated by org.testng.reporters.JUnitXMLReporter -->
<testsuite ignored="1" hostname="DESKTOP-LKCJL3A" failures="0" tests="2" name="Command line test" time="16.286" errors="0" timestamp="2020-03-30T17:16:28 SELČ">
  <testcase classname="exampleTest" name="googleSearch" time="13.878"/>
  <testcase classname="exampleTest" name="googleSearcher" time="2.363"/>
  <testcase classname="exampleTest" name="userCanSearch" time="0.0">
    <ignored/>
  </testcase> <!-- userCanSearch -->
</testsuite> <!-- Command line test -->
