<?xml version="1.0" encoding="UTF-8"?>
<testng-results ignored="1" total="3" passed="2" failed="0" skipped="0">
  <reporter-output>
  </reporter-output>
  <suite started-at="2020-03-30T17:16:12 SELČ" name="exampleTest" finished-at="2020-03-30T17:16:28 SELČ" duration-ms="16286">
    <groups>
    </groups>
    <test started-at="2020-03-30T17:16:12 SELČ" name="Command line test" finished-at="2020-03-30T17:16:28 SELČ" duration-ms="16286">
      <class name="exampleTest">
        <test-method signature="googleSearch()[pri:0, instance:exampleTest@20ce78ec]" started-at="2020-03-30T17:16:12 SELČ" name="googleSearch" finished-at="2020-03-30T17:16:25 SELČ" duration-ms="13878" status="PASS">
          <reporter-output>
          </reporter-output>
        </test-method> <!-- googleSearch -->
        <test-method signature="googleSearcher()[pri:0, instance:exampleTest@20ce78ec]" started-at="2020-03-30T17:16:25 SELČ" name="googleSearcher" finished-at="2020-03-30T17:16:28 SELČ" duration-ms="2363" status="PASS">
          <reporter-output>
          </reporter-output>
        </test-method> <!-- googleSearcher -->
        <test-method is-config="true" signature="tearDown()[pri:0, instance:exampleTest@20ce78ec]" started-at="2020-03-30T17:16:28 SELČ" name="tearDown" finished-at="2020-03-30T17:16:28 SELČ" duration-ms="1" status="PASS">
          <reporter-output>
          </reporter-output>
        </test-method> <!-- tearDown -->
      </class> <!-- exampleTest -->
    </test> <!-- Command line test -->
  </suite> <!-- exampleTest -->
</testng-results>
