<?xml version="1.0" encoding="UTF-8"?>
<!-- Generated by org.testng.reporters.JUnitReportReporter -->
<testsuite hostname="DESKTOP-LKCJL3A" failures="0" tests="3" name="exampleTest" time="16.241" errors="0" timestamp="2020-03-30T17:16:28 SELČ" skipped="1">
  <testcase classname="exampleTest" name="googleSearch" time="13.878"/>
  <system-out/>
  <testcase classname="exampleTest" name="googleSearcher" time="2.363"/>
  <system-out/>
  <testcase classname="exampleTest" name="userCanSearch">
    <skipped/>
  </testcase> <!-- userCanSearch -->
  <system-out/>
</testsuite> <!-- exampleTest -->
